0 verbose cli /home/ubuntu/.nvm/versions/node/v23.3.0/bin/node /home/ubuntu/.nvm/versions/node/v23.3.0/bin/npm
1 info using npm@10.9.0
2 info using node@v23.3.0
3 silly config load:file:/home/ubuntu/.nvm/versions/node/v23.3.0/lib/node_modules/npm/npmrc
4 silly config load:file:/home/ubuntu/.npmrc
5 silly config load:file:/home/ubuntu/.nvm/versions/node/v23.3.0/etc/npmrc
6 verbose title npm init
7 verbose argv "init" "--yes"
8 verbose logfile logs-max:10 dir:/home/ubuntu/.npm/_logs/2024-12-02T12_20_12_625Z-
9 verbose logfile /home/ubuntu/.npm/_logs/2024-12-02T12_20_12_625Z-debug-0.log
10 silly logfile done cleaning log files
11 silly package data {
11 silly package data   name: 'ubuntu',
11 silly package data   version: '1.0.0',
11 silly package data   main: 'index.js',
11 silly package data   scripts: { test: 'echo "Error: no test specified" && exit 1' },
11 silly package data   keywords: [],
11 silly package data   author: '',
11 silly package data   license: 'ISC',
11 silly package data   description: ''
11 silly package data }
12 verbose cwd /home/ubuntu
13 verbose os Linux 6.8.0-1016-aws
14 verbose node v23.3.0
15 verbose npm  v10.9.0
16 verbose exit 0
17 info ok
